ERROR | 2019-04-14 17:49:55 | [main] concepts.TestOopsConcepts (TestOopsConcepts.java:27) - Exception caught: 
ERROR | 2019-04-14 17:50:15 | [main] concepts.TestOopsConcepts (TestOopsConcepts.java:27) - Exception caught: %s 
ERROR | 2019-04-14 17:50:49 | [main] concepts.TestOopsConcepts (TestOopsConcepts.java:27) - Exception caught: com.java.api.model.House incompatible with com.java.api.model.Apartment
ERROR | 2019-04-14 17:53:00 | [main] concepts.TestOopsConcepts (TestOopsConcepts.java:33) - Exception caught: com.java.api.model.House incompatible with com.java.api.model.Apartment
ERROR | 2019-04-14 17:55:10 | [main] concepts.TestOopsConcepts (TestOopsConcepts.java:35) - Exception caught: 
ERROR | 2019-04-14 17:55:41 | [main] concepts.TestOopsConcepts (TestOopsConcepts.java:35) - Exception caught: {} 
java.lang.ClassCastException: com.java.api.model.House incompatible with com.java.api.model.Apartment
	at com.java.api.oops.concepts.TestOopsConcepts.checkingAHouse(TestOopsConcepts.java:46) ~[classes/:?]
	at com.java.api.oops.concepts.TestOopsConcepts.testInstanceOfOperator(TestOopsConcepts.java:32) ~[classes/:?]
	at sun.reflect.NativeMethodAccessorImpl.invoke0(Native Method) ~[?:1.8.0]
	at sun.reflect.NativeMethodAccessorImpl.invoke(NativeMethodAccessorImpl.java:95) ~[?:1.8.0]
	at sun.reflect.DelegatingMethodAccessorImpl.invoke(DelegatingMethodAccessorImpl.java:55) ~[?:1.8.0]
	at java.lang.reflect.Method.invoke(Method.java:508) ~[?:2.6 (10-13-2016)]
	at org.junit.platform.commons.util.ReflectionUtils.invokeMethod(ReflectionUtils.java:628) ~[junit-platform-commons-1.4.1.jar:1.4.1]
	at org.junit.jupiter.engine.execution.ExecutableInvoker.invoke(ExecutableInvoker.java:117) ~[junit-jupiter-engine-5.4.1.jar:5.4.1]
	at org.junit.jupiter.engine.descriptor.TestMethodTestDescriptor.lambda$invokeTestMethod$7(TestMethodTestDescriptor.java:184) ~[junit-jupiter-engine-5.4.1.jar:5.4.1]
	at org.junit.jupiter.engine.descriptor.TestMethodTestDescriptor$$Lambda$204.0000000011480340.execute(Unknown Source) ~[?:?]
	at org.junit.platform.engine.support.hierarchical.ThrowableCollector.execute(ThrowableCollector.java:73) ~[junit-platform-engine-1.4.1.jar:1.4.1]
	at org.junit.jupiter.engine.descriptor.TestMethodTestDescriptor.invokeTestMethod(TestMethodTestDescriptor.java:180) ~[junit-jupiter-engine-5.4.1.jar:5.4.1]
	at org.junit.jupiter.engine.descriptor.TestMethodTestDescriptor.execute(TestMethodTestDescriptor.java:127) ~[junit-jupiter-engine-5.4.1.jar:5.4.1]
	at org.junit.jupiter.engine.descriptor.TestMethodTestDescriptor.execute(TestMethodTestDescriptor.java:68) ~[junit-jupiter-engine-5.4.1.jar:5.4.1]
	at org.junit.platform.engine.support.hierarchical.NodeTestTask.lambda$executeRecursively$5(NodeTestTask.java:135) ~[junit-platform-engine-1.4.1.jar:1.4.1]
	at org.junit.platform.engine.support.hierarchical.NodeTestTask$$Lambda$146.0000000010361050.execute(Unknown Source) ~[?:?]
	at org.junit.platform.engine.support.hierarchical.ThrowableCollector.execute(ThrowableCollector.java:73) ~[junit-platform-engine-1.4.1.jar:1.4.1]
	at org.junit.platform.engine.support.hierarchical.NodeTestTask.lambda$executeRecursively$7(NodeTestTask.java:125) ~[junit-platform-engine-1.4.1.jar:1.4.1]
	at org.junit.platform.engine.support.hierarchical.NodeTestTask$$Lambda$145.000000001134A4F0.invoke(Unknown Source) ~[?:?]
	at org.junit.platform.engine.support.hierarchical.Node.around(Node.java:135) ~[junit-platform-engine-1.4.1.jar:1.4.1]
	at org.junit.platform.engine.support.hierarchical.NodeTestTask.lambda$executeRecursively$8(NodeTestTask.java:123) ~[junit-platform-engine-1.4.1.jar:1.4.1]
	at org.junit.platform.engine.support.hierarchical.NodeTestTask$$Lambda$144.0000000010365100.execute(Unknown Source) ~[?:?]
	at org.junit.platform.engine.support.hierarchical.ThrowableCollector.execute(ThrowableCollector.java:73) ~[junit-platform-engine-1.4.1.jar:1.4.1]
	at org.junit.platform.engine.support.hierarchical.NodeTestTask.executeRecursively(NodeTestTask.java:122) ~[junit-platform-engine-1.4.1.jar:1.4.1]
	at org.junit.platform.engine.support.hierarchical.NodeTestTask.execute(NodeTestTask.java:80) ~[junit-platform-engine-1.4.1.jar:1.4.1]
	at org.junit.platform.engine.support.hierarchical.SameThreadHierarchicalTestExecutorService$$Lambda$150.000000001134B730.accept(Unknown Source) ~[?:?]
	at java.util.ArrayList.forEach(ArrayList.java:1260) ~[?:1.8.0]
	at org.junit.platform.engine.support.hierarchical.SameThreadHierarchicalTestExecutorService.invokeAll(SameThreadHierarchicalTestExecutorService.java:38) ~[junit-platform-engine-1.4.1.jar:1.4.1]
	at org.junit.platform.engine.support.hierarchical.NodeTestTask.lambda$executeRecursively$5(NodeTestTask.java:139) ~[junit-platform-engine-1.4.1.jar:1.4.1]
	at org.junit.platform.engine.support.hierarchical.NodeTestTask$$Lambda$146.0000000010361050.execute(Unknown Source) ~[?:?]
	at org.junit.platform.engine.support.hierarchical.ThrowableCollector.execute(ThrowableCollector.java:73) ~[junit-platform-engine-1.4.1.jar:1.4.1]
	at org.junit.platform.engine.support.hierarchical.NodeTestTask.lambda$executeRecursively$7(NodeTestTask.java:125) ~[junit-platform-engine-1.4.1.jar:1.4.1]
	at org.junit.platform.engine.support.hierarchical.NodeTestTask$$Lambda$145.000000001134A4F0.invoke(Unknown Source) ~[?:?]
	at org.junit.platform.engine.support.hierarchical.Node.around(Node.java:135) ~[junit-platform-engine-1.4.1.jar:1.4.1]
	at org.junit.platform.engine.support.hierarchical.NodeTestTask.lambda$executeRecursively$8(NodeTestTask.java:123) ~[junit-platform-engine-1.4.1.jar:1.4.1]
	at org.junit.platform.engine.support.hierarchical.NodeTestTask$$Lambda$144.0000000010365100.execute(Unknown Source) ~[?:?]
	at org.junit.platform.engine.support.hierarchical.ThrowableCollector.execute(ThrowableCollector.java:73) ~[junit-platform-engine-1.4.1.jar:1.4.1]
	at org.junit.platform.engine.support.hierarchical.NodeTestTask.executeRecursively(NodeTestTask.java:122) ~[junit-platform-engine-1.4.1.jar:1.4.1]
	at org.junit.platform.engine.support.hierarchical.NodeTestTask.execute(NodeTestTask.java:80) ~[junit-platform-engine-1.4.1.jar:1.4.1]
	at org.junit.platform.engine.support.hierarchical.SameThreadHierarchicalTestExecutorService$$Lambda$150.000000001134B730.accept(Unknown Source) ~[?:?]
	at java.util.ArrayList.forEach(ArrayList.java:1260) ~[?:1.8.0]
	at org.junit.platform.engine.support.hierarchical.SameThreadHierarchicalTestExecutorService.invokeAll(SameThreadHierarchicalTestExecutorService.java:38) ~[junit-platform-engine-1.4.1.jar:1.4.1]
	at org.junit.platform.engine.support.hierarchical.NodeTestTask.lambda$executeRecursively$5(NodeTestTask.java:139) ~[junit-platform-engine-1.4.1.jar:1.4.1]
	at org.junit.platform.engine.support.hierarchical.NodeTestTask$$Lambda$146.0000000010361050.execute(Unknown Source) ~[?:?]
	at org.junit.platform.engine.support.hierarchical.ThrowableCollector.execute(ThrowableCollector.java:73) ~[junit-platform-engine-1.4.1.jar:1.4.1]
	at org.junit.platform.engine.support.hierarchical.NodeTestTask.lambda$executeRecursively$7(NodeTestTask.java:125) ~[junit-platform-engine-1.4.1.jar:1.4.1]
	at org.junit.platform.engine.support.hierarchical.NodeTestTask$$Lambda$145.000000001134A4F0.invoke(Unknown Source) ~[?:?]
	at org.junit.platform.engine.support.hierarchical.Node.around(Node.java:135) ~[junit-platform-engine-1.4.1.jar:1.4.1]
	at org.junit.platform.engine.support.hierarchical.NodeTestTask.lambda$executeRecursively$8(NodeTestTask.java:123) ~[junit-platform-engine-1.4.1.jar:1.4.1]
	at org.junit.platform.engine.support.hierarchical.NodeTestTask$$Lambda$144.0000000010365100.execute(Unknown Source) ~[?:?]
	at org.junit.platform.engine.support.hierarchical.ThrowableCollector.execute(ThrowableCollector.java:73) ~[junit-platform-engine-1.4.1.jar:1.4.1]
	at org.junit.platform.engine.support.hierarchical.NodeTestTask.executeRecursively(NodeTestTask.java:122) ~[junit-platform-engine-1.4.1.jar:1.4.1]
	at org.junit.platform.engine.support.hierarchical.NodeTestTask.execute(NodeTestTask.java:80) ~[junit-platform-engine-1.4.1.jar:1.4.1]
	at org.junit.platform.engine.support.hierarchical.SameThreadHierarchicalTestExecutorService.submit(SameThreadHierarchicalTestExecutorService.java:32) ~[junit-platform-engine-1.4.1.jar:1.4.1]
	at org.junit.platform.engine.support.hierarchical.HierarchicalTestExecutor.execute(HierarchicalTestExecutor.java:57) ~[junit-platform-engine-1.4.1.jar:1.4.1]
	at org.junit.platform.engine.support.hierarchical.HierarchicalTestEngine.execute(HierarchicalTestEngine.java:51) ~[junit-platform-engine-1.4.1.jar:1.4.1]
	at org.junit.platform.launcher.core.DefaultLauncher.execute(DefaultLauncher.java:220) ~[.cp/:?]
	at org.junit.platform.launcher.core.DefaultLauncher.lambda$execute$6(DefaultLauncher.java:188) ~[.cp/:?]
	at org.junit.platform.launcher.core.DefaultLauncher$$Lambda$119.0000000011322370.accept(Unknown Source) ~[?:?]
	at org.junit.platform.launcher.core.DefaultLauncher.withInterceptedStreams(DefaultLauncher.java:202) [.cp/:?]
	at org.junit.platform.launcher.core.DefaultLauncher.execute(DefaultLauncher.java:181) [.cp/:?]
	at org.junit.platform.launcher.core.DefaultLauncher.execute(DefaultLauncher.java:128) [.cp/:?]
	at org.eclipse.jdt.internal.junit5.runner.JUnit5TestReference.run(JUnit5TestReference.java:89) [.cp/:?]
	at org.eclipse.jdt.internal.junit.runner.TestExecution.run(TestExecution.java:41) [.cp/:?]
	at org.eclipse.jdt.internal.junit.runner.RemoteTestRunner.runTests(RemoteTestRunner.java:541) [.cp/:?]
	at org.eclipse.jdt.internal.junit.runner.RemoteTestRunner.runTests(RemoteTestRunner.java:763) [.cp/:?]
	at org.eclipse.jdt.internal.junit.runner.RemoteTestRunner.run(RemoteTestRunner.java:463) [.cp/:?]
	at org.eclipse.jdt.internal.junit.runner.RemoteTestRunner.main(RemoteTestRunner.java:209) [.cp/:?]
ERROR | 2019-04-14 19:11:15 | [main] concepts.TestOopsConcepts (TestOopsConcepts.java:61) - Validity of instance of, house intance of Aparment: true 
DEBUG | 2019-04-14 19:11:59 | [main] concepts.TestOopsConcepts (TestOopsConcepts.java:61) - Validity of instance of, house intance of Aparment: true 
DEBUG | 2019-04-14 19:11:59 | [main] concepts.TestOopsConcepts (TestOopsConcepts.java:63) - Validity of instance of, house intance of House: true 
DEBUG | 2019-04-14 19:12:45 | [main] concepts.TestOopsConcepts (TestOopsConcepts.java:61) - Validity of instance of, house intance of Aparment: true 
DEBUG | 2019-04-14 19:12:45 | [main] concepts.TestOopsConcepts (TestOopsConcepts.java:62) - Validity of instance of, house intance of House: true 
DEBUG | 2019-04-14 19:12:45 | [main] concepts.TestOopsConcepts (TestOopsConcepts.java:66) - Validity of instance of, house intance of Aparment: false 
DEBUG | 2019-04-14 19:21:22 | [main] concepts.TestOopsConcepts (TestOopsConcepts.java:61) - Validity of instance of, house intance of Aparment: true 
DEBUG | 2019-04-14 19:21:22 | [main] concepts.TestOopsConcepts (TestOopsConcepts.java:62) - Validity of instance of, house intance of House: true 
DEBUG | 2019-04-14 19:21:22 | [main] concepts.TestOopsConcepts (TestOopsConcepts.java:66) - Validity of instance of, house intance of Aparment: false 
DEBUG | 2019-04-14 19:22:46 | [main] concepts.TestOopsConcepts (TestOopsConcepts.java:61) - Validity of instance of, house intance of Aparment: true 
DEBUG | 2019-04-14 19:22:46 | [main] concepts.TestOopsConcepts (TestOopsConcepts.java:62) - Validity of instance of, house intance of House: true 
DEBUG | 2019-04-14 19:22:46 | [main] concepts.TestOopsConcepts (TestOopsConcepts.java:66) - Validity of instance of, house intance of Aparment: false 
DEBUG | 2019-04-14 19:24:17 | [main] concepts.TestOopsConcepts (TestOopsConcepts.java:62) - Validity of instance of, house intance of Aparment: false 
DEBUG | 2019-04-14 19:24:17 | [main] concepts.TestOopsConcepts (TestOopsConcepts.java:63) - Validity of instance of, house intance of House: true 
DEBUG | 2019-04-14 19:24:17 | [main] concepts.TestOopsConcepts (TestOopsConcepts.java:67) - Validity of instance of, house intance of Aparment: false 
DEBUG | 2019-04-14 20:01:55 | [main] model.House (House.java:28) - Thanks for exploring our Houses
DEBUG | 2019-04-14 20:01:55 | [main] concepts.TestOopsConcepts (TestOopsConcepts.java:67) - Validity of instance of, house intance of Aparment: false 
DEBUG | 2019-04-14 20:01:55 | [main] concepts.TestOopsConcepts (TestOopsConcepts.java:68) - Validity of instance of, house intance of House: true 
DEBUG | 2019-04-14 20:01:55 | [main] concepts.TestOopsConcepts (TestOopsConcepts.java:72) - Validity of instance of, house intance of Aparment: false 
DEBUG | 2019-04-20 12:52:02 | [main] concepts.ConcreteTestClass (ConcreteTestClass.java:16) - Acccessing protected member inherited from Apartment super class: 
DEBUG | 2019-04-20 12:52:25 | [main] concepts.ConcreteTestClass (ConcreteTestClass.java:16) - Acccessing protected member inherited from Apartment super class: false 
DEBUG | 2019-04-20 16:08:10 | [main] model.House (House.java:29) - Thanks for exploring our Houses
DEBUG | 2019-04-20 16:08:10 | [main] concepts.TestOopsConcepts (TestOopsConcepts.java:85) - Validity of instance of, house intance of Aparment: false 
DEBUG | 2019-04-20 16:08:10 | [main] concepts.TestOopsConcepts (TestOopsConcepts.java:86) - Validity of instance of, house intance of House: true 
DEBUG | 2019-04-20 16:08:10 | [main] concepts.TestOopsConcepts (TestOopsConcepts.java:90) - Validity of instance of, house intance of Aparment: false 
DEBUG | 2019-04-20 16:12:52 | [main] model.House (House.java:29) - Thanks for exploring our Houses
DEBUG | 2019-04-20 16:12:52 | [main] concepts.TestOopsConcepts (TestOopsConcepts.java:91) - Validity of instance of, house intance of Aparment: false 
DEBUG | 2019-04-20 16:12:52 | [main] concepts.TestOopsConcepts (TestOopsConcepts.java:92) - Validity of instance of, house intance of House: true 
DEBUG | 2019-04-20 16:12:52 | [main] concepts.TestOopsConcepts (TestOopsConcepts.java:96) - Validity of instance of, house intance of Aparment: false 
DEBUG | 2019-04-20 16:17:10 | [main] concepts.AbstractTestClass (AbstractTestClass.java:15) - Default defaultTestInternalMethod implementation from PublicAPITestInterface
DEBUG | 2019-04-20 16:17:10 | [main] concepts.AbstractTestClass (AbstractTestClass.java:15) - Default defaultTestInternalMethod implementation from PublicAPITestInterface
DEBUG | 2019-04-20 17:03:02 | [main] concepts.ConcreteTestClass (ConcreteTestClass.java:16) - Executing implemntation from testLambdaFuction
DEBUG | 2019-04-20 19:50:26 | [main] interfaces.ParentTestInterface (ParentTestInterface.java:16) - Executing static method in parentTestInterfaceStaticMethod
DEBUG | 2019-04-20 19:50:27 | [main] interfaces.PublicAPITestInterface (PublicAPITestInterface.java:21) - Default defaultTestMethod implementation from PublicAPITestInterface
